TN:
SF:src/app.ts
FN:14,isOriginAllowed
FN:36,(anonymous_1)
FN:54,req
FN:57,res
FN:75,(anonymous_4)
FN:80,(anonymous_5)
FNF:6
FNH:5
FNDA:18,isOriginAllowed
FNDA:18,(anonymous_1)
FNDA:18,req
FNDA:18,res
FNDA:1,(anonymous_4)
FNDA:0,(anonymous_5)
DA:12,2
DA:15,18
DA:16,0
DA:19,2
DA:23,2
DA:26,2
DA:34,2
DA:37,18
DA:38,18
DA:40,0
DA:50,2
DA:55,18
DA:58,18
DA:65,2
DA:66,2
DA:69,2
DA:72,2
DA:75,2
DA:76,1
DA:80,2
DA:82,0
DA:83,0
DA:84,0
DA:86,0
DA:87,0
LF:25
LH:18
BRDA:15,0,0,18
BRDA:15,0,1,0
BRDA:37,1,0,18
BRDA:37,1,1,0
BRDA:82,2,0,0
BRDA:82,2,1,0
BRDA:82,3,0,0
BRDA:82,3,1,0
BRF:8
BRH:2
end_of_record
TN:
SF:src/lib/logger.ts
FNF:0
FNH:0
DA:3,2
DA:5,2
LF:2
LH:2
BRDA:6,0,0,2
BRDA:6,0,1,2
BRDA:12,1,0,0
BRDA:12,1,1,2
BRF:4
BRH:3
end_of_record
TN:
SF:src/lib/schemas.ts
FN:36,(anonymous_0)
FNF:1
FNH:0
FNDA:0,(anonymous_0)
DA:4,2
DA:9,2
DA:14,2
DA:21,2
DA:22,2
DA:29,2
DA:38,0
DA:42,0
DA:51,2
DA:63,2
DA:69,2
DA:91,2
LF:12
LH:10
BRDA:42,0,0,0
BRDA:42,0,1,0
BRF:2
BRH:0
end_of_record
TN:
SF:src/lib/users-store.ts
FN:17,ensureDataDir
FN:23,readUsers
FN:35,writeUsers
FN:40,findUserByEmail
FN:42,(anonymous_4)
FN:45,findUserById
FN:47,(anonymous_6)
FN:50,createUser
FN:57,(anonymous_8)
FN:74,verifyPassword
FNF:10
FNH:10
FNDA:38,ensureDataDir
FNDA:25,readUsers
FNDA:13,writeUsers
FNDA:8,findUserByEmail
FNDA:4,(anonymous_4)
FNDA:2,findUserById
FNDA:1,(anonymous_6)
FNDA:15,createUser
FNDA:2,(anonymous_8)
FNDA:2,verifyPassword
DA:14,2
DA:15,2
DA:18,38
DA:19,0
DA:24,25
DA:25,25
DA:26,25
DA:27,9
DA:28,9
DA:29,9
DA:31,1
DA:36,13
DA:37,13
DA:41,8
DA:42,8
DA:46,2
DA:47,2
DA:55,15
DA:56,15
DA:57,2
DA:59,15
DA:61,13
DA:62,13
DA:69,13
DA:70,13
DA:71,13
DA:78,2
LF:27
LH:26
BRDA:18,0,0,0
BRDA:18,0,1,38
BRDA:26,1,0,16
BRDA:26,1,1,9
BRDA:29,2,0,7
BRDA:29,2,1,1
BRDA:59,3,0,2
BRDA:59,3,1,13
BRF:8
BRH:7
end_of_record
TN:
SF:src/middleware/rateLimiters.ts
FN:5,make429
FN:6,(anonymous_1)
FNF:2
FNH:1
FNDA:6,make429
FNDA:0,(anonymous_1)
DA:3,2
DA:6,6
DA:7,0
DA:15,2
DA:27,2
DA:38,2
LF:6
LH:5
BRDA:17,0,0,0
BRDA:17,0,1,2
BRDA:29,1,0,0
BRDA:29,1,1,2
BRDA:40,2,0,0
BRDA:40,2,1,2
BRF:6
BRH:3
end_of_record
TN:
SF:src/routes/auth.ts
FN:27,makeToken
FN:34,(anonymous_1)
FN:69,(anonymous_2)
FNF:3
FNH:3
FNDA:2,makeToken
FNDA:7,(anonymous_1)
FNDA:5,(anonymous_2)
DA:10,2
DA:13,2
DA:14,2
DA:16,2
DA:22,2
DA:28,2
DA:34,2
DA:35,7
DA:36,7
DA:37,4
DA:41,4
DA:44,3
DA:45,3
DA:50,1
DA:51,1
DA:56,2
DA:57,1
DA:61,1
DA:63,1
DA:64,1
DA:69,2
DA:70,5
DA:71,5
DA:72,2
DA:73,2
DA:76,3
DA:77,3
DA:78,1
DA:81,1
DA:84,2
DA:85,2
DA:86,1
DA:87,1
DA:90,1
DA:91,1
LF:35
LH:35
BRDA:13,0,0,2
BRDA:13,0,1,2
BRDA:36,1,0,4
BRDA:36,1,1,3
BRDA:56,2,0,1
BRDA:56,2,1,1
BRDA:56,3,0,2
BRDA:56,3,1,2
BRDA:71,4,0,2
BRDA:71,4,1,3
BRDA:77,5,0,1
BRDA:77,5,1,2
BRDA:85,6,0,1
BRDA:85,6,1,1
BRF:14
BRH:14
end_of_record
TN:
SF:src/routes/barcode.ts
FN:16,queryOpenFoodFacts
FN:48,queryUpcItemDb
FN:83,(anonymous_2)
FNF:3
FNH:0
FNDA:0,queryOpenFoodFacts
FNDA:0,queryUpcItemDb
FNDA:0,(anonymous_2)
DA:7,2
DA:17,0
DA:18,0
DA:22,0
DA:23,0
DA:33,0
DA:34,0
DA:35,0
DA:36,0
DA:37,0
DA:44,0
DA:49,0
DA:50,0
DA:51,0
DA:52,0
DA:59,0
DA:60,0
DA:69,0
DA:70,0
DA:71,0
DA:72,0
DA:79,0
DA:83,2
DA:84,0
DA:85,0
DA:86,0
DA:87,0
DA:90,0
DA:93,0
DA:99,0
DA:100,0
DA:113,0
DA:117,0
DA:118,0
DA:119,0
DA:127,0
DA:128,0
DA:129,0
DA:133,0
DA:138,0
DA:151,0
DA:155,0
DA:156,0
DA:157,0
DA:165,0
DA:166,0
DA:167,0
DA:171,0
DA:176,0
DA:189,0
DA:193,0
LF:51
LH:2
BRDA:22,0,0,0
BRDA:22,0,1,0
BRDA:33,1,0,0
BRDA:33,1,1,0
BRDA:33,2,0,0
BRDA:33,2,1,0
BRDA:36,3,0,0
BRDA:36,3,1,0
BRDA:39,4,0,0
BRDA:39,4,1,0
BRDA:40,5,0,0
BRDA:40,5,1,0
BRDA:41,6,0,0
BRDA:41,6,1,0
BRDA:41,6,2,0
BRDA:50,7,0,0
BRDA:50,7,1,0
BRDA:59,8,0,0
BRDA:59,8,1,0
BRDA:69,9,0,0
BRDA:69,9,1,0
BRDA:69,10,0,0
BRDA:69,10,1,0
BRDA:71,11,0,0
BRDA:71,11,1,0
BRDA:74,12,0,0
BRDA:74,12,1,0
BRDA:75,13,0,0
BRDA:75,13,1,0
BRDA:76,14,0,0
BRDA:76,14,1,0
BRDA:85,15,0,0
BRDA:85,15,1,0
BRDA:99,16,0,0
BRDA:99,16,1,0
BRDA:118,17,0,0
BRDA:118,17,1,0
BRDA:122,18,0,0
BRDA:122,18,1,0
BRDA:123,19,0,0
BRDA:123,19,1,0
BRDA:124,20,0,0
BRDA:124,20,1,0
BRDA:127,21,0,0
BRDA:127,21,1,0
BRDA:145,22,0,0
BRDA:145,22,1,0
BRDA:146,23,0,0
BRDA:146,23,1,0
BRDA:147,24,0,0
BRDA:147,24,1,0
BRDA:156,25,0,0
BRDA:156,25,1,0
BRDA:160,26,0,0
BRDA:160,26,1,0
BRDA:161,27,0,0
BRDA:161,27,1,0
BRDA:162,28,0,0
BRDA:162,28,1,0
BRDA:165,29,0,0
BRDA:165,29,1,0
BRDA:183,30,0,0
BRDA:183,30,1,0
BRDA:184,31,0,0
BRDA:184,31,1,0
BRDA:185,32,0,0
BRDA:185,32,1,0
BRF:67
BRH:0
end_of_record
TN:
SF:src/routes/health.ts
FN:16,(anonymous_0)
FN:30,(anonymous_1)
FN:43,(anonymous_2)
FNF:3
FNH:3
FNDA:2,(anonymous_0)
FNDA:2,(anonymous_1)
FNDA:1,(anonymous_2)
DA:6,2
DA:7,2
DA:16,2
DA:17,2
DA:30,2
DA:31,2
DA:32,2
DA:33,1
DA:35,1
DA:43,2
DA:44,1
DA:45,1
LF:12
LH:12
BRF:0
BRH:0
end_of_record
TN:
SF:src/routes/index.ts
FNF:0
FNH:0
DA:9,2
DA:11,2
DA:12,2
DA:13,2
DA:14,2
DA:15,2
DA:16,2
LF:7
LH:7
BRF:0
BRH:0
end_of_record
TN:
SF:src/routes/recipes.ts
FN:11,calcPantryMatch
FN:14,(anonymous_1)
FN:16,(anonymous_2)
FN:23,(anonymous_3)
FN:35,(anonymous_4)
FN:46,(anonymous_5)
FN:47,(anonymous_6)
FN:48,(anonymous_7)
FN:85,(anonymous_8)
FN:98,(anonymous_9)
FN:133,(anonymous_10)
FN:142,(anonymous_11)
FN:143,(anonymous_12)
FN:167,(anonymous_13)
FN:171,(anonymous_14)
FN:171,(anonymous_15)
FN:172,(anonymous_16)
FN:175,(anonymous_17)
FN:176,(anonymous_18)
FN:179,(anonymous_19)
FN:180,(anonymous_20)
FN:181,(anonymous_21)
FN:182,(anonymous_22)
FN:183,(anonymous_23)
FN:183,(anonymous_24)
FN:194,(anonymous_25)
FN:252,(anonymous_26)
FN:257,(anonymous_27)
FN:268,(anonymous_28)
FNF:29
FNH:0
FNDA:0,calcPantryMatch
FNDA:0,(anonymous_1)
FNDA:0,(anonymous_2)
FNDA:0,(anonymous_3)
FNDA:0,(anonymous_4)
FNDA:0,(anonymous_5)
FNDA:0,(anonymous_6)
FNDA:0,(anonymous_7)
FNDA:0,(anonymous_8)
FNDA:0,(anonymous_9)
FNDA:0,(anonymous_10)
FNDA:0,(anonymous_11)
FNDA:0,(anonymous_12)
FNDA:0,(anonymous_13)
FNDA:0,(anonymous_14)
FNDA:0,(anonymous_15)
FNDA:0,(anonymous_16)
FNDA:0,(anonymous_17)
FNDA:0,(anonymous_18)
FNDA:0,(anonymous_19)
FNDA:0,(anonymous_20)
FNDA:0,(anonymous_21)
FNDA:0,(anonymous_22)
FNDA:0,(anonymous_23)
FNDA:0,(anonymous_24)
FNDA:0,(anonymous_25)
FNDA:0,(anonymous_26)
FNDA:0,(anonymous_27)
FNDA:0,(anonymous_28)
DA:8,2
DA:12,0
DA:13,0
DA:14,0
DA:15,0
DA:16,0
DA:19,0
DA:23,2
DA:24,0
DA:25,0
DA:26,0
DA:28,0
DA:29,0
DA:35,2
DA:36,0
DA:44,0
DA:46,0
DA:47,0
DA:48,0
DA:49,0
DA:50,0
DA:52,0
DA:54,0
DA:55,0
DA:56,0
DA:57,0
DA:60,0
DA:61,0
DA:62,0
DA:63,0
DA:64,0
DA:65,0
DA:66,0
DA:67,0
DA:71,0
DA:72,0
DA:75,0
DA:77,0
DA:85,0
DA:90,0
DA:92,0
DA:93,0
DA:98,2
DA:99,0
DA:100,0
DA:102,0
DA:103,0
DA:104,0
DA:107,0
DA:108,0
DA:116,0
DA:118,0
DA:125,0
DA:127,0
DA:128,0
DA:133,2
DA:134,0
DA:140,0
DA:142,0
DA:143,0
DA:144,0
DA:146,0
DA:147,0
DA:148,0
DA:151,0
DA:152,0
DA:153,0
DA:155,0
DA:156,0
DA:157,0
DA:158,0
DA:161,0
DA:166,0
DA:168,0
DA:169,0
DA:170,0
DA:171,0
DA:172,0
DA:173,0
DA:175,0
DA:176,0
DA:178,0
DA:179,0
DA:180,0
DA:181,0
DA:182,0
DA:183,0
DA:186,0
DA:188,0
DA:189,0
DA:194,2
DA:195,0
DA:214,0
DA:215,0
DA:216,0
DA:217,0
DA:220,0
DA:223,0
DA:227,0
DA:246,0
DA:247,0
DA:252,0
DA:257,0
DA:258,0
DA:259,0
DA:261,0
DA:262,0
DA:268,2
DA:269,0
DA:270,0
DA:271,0
DA:272,0
DA:273,0
DA:275,0
DA:276,0
DA:277,0
DA:278,0
DA:280,0
DA:282,0
DA:283,0
LF:120
LH:7
BRDA:12,0,0,0
BRDA:12,0,1,0
BRDA:13,1,0,0
BRDA:13,1,1,0
BRDA:16,2,0,0
BRDA:16,2,1,0
BRDA:26,3,0,0
BRDA:26,3,1,0
BRDA:42,4,0,0
BRDA:43,5,0,0
BRDA:46,6,0,0
BRDA:46,6,1,0
BRDA:47,7,0,0
BRDA:47,7,1,0
BRDA:48,8,0,0
BRDA:48,8,1,0
BRDA:49,9,0,0
BRDA:49,9,1,0
BRDA:50,10,0,0
BRDA:50,10,1,0
BRDA:54,11,0,0
BRDA:54,11,1,0
BRDA:56,12,0,0
BRDA:56,12,1,0
BRDA:60,13,0,0
BRDA:60,13,1,0
BRDA:62,14,0,0
BRDA:62,14,1,0
BRDA:64,15,0,0
BRDA:64,15,1,0
BRDA:66,16,0,0
BRDA:66,16,1,0
BRDA:75,17,0,0
BRDA:75,17,1,0
BRDA:87,18,0,0
BRDA:87,18,1,0
BRDA:102,19,0,0
BRDA:102,19,1,0
BRDA:102,20,0,0
BRDA:102,20,1,0
BRDA:116,21,0,0
BRDA:116,21,1,0
BRDA:139,22,0,0
BRDA:142,23,0,0
BRDA:142,23,1,0
BRDA:143,24,0,0
BRDA:143,24,1,0
BRDA:144,25,0,0
BRDA:144,25,1,0
BRDA:146,26,0,0
BRDA:146,26,1,0
BRDA:155,27,0,0
BRDA:155,27,1,0
BRDA:157,28,0,0
BRDA:157,28,1,0
BRDA:157,29,0,0
BRDA:157,29,1,0
BRDA:164,30,0,0
BRDA:164,30,1,0
BRDA:169,31,0,0
BRDA:169,31,1,0
BRDA:171,32,0,0
BRDA:171,32,1,0
BRDA:179,33,0,0
BRDA:179,33,1,0
BRDA:179,34,0,0
BRDA:179,34,1,0
BRDA:180,35,0,0
BRDA:180,35,1,0
BRDA:181,36,0,0
BRDA:181,36,1,0
BRDA:182,37,0,0
BRDA:182,37,1,0
BRDA:183,38,0,0
BRDA:183,38,1,0
BRDA:215,39,0,0
BRDA:215,39,1,0
BRDA:223,40,0,0
BRDA:223,40,1,0
BRDA:231,41,0,0
BRDA:231,41,1,0
BRDA:232,42,0,0
BRDA:232,42,1,0
BRDA:234,43,0,0
BRDA:234,43,1,0
BRDA:235,44,0,0
BRDA:235,44,1,0
BRDA:258,45,0,0
BRDA:258,45,1,0
BRDA:271,46,0,0
BRDA:271,46,1,0
BRDA:276,47,0,0
BRDA:276,47,1,0
BRF:93
BRH:0
end_of_record
TN:
SF:src/routes/vary.ts
FN:25,(anonymous_0)
FN:48,(anonymous_1)
FN:51,(anonymous_2)
FNF:3
FNH:0
FNDA:0,(anonymous_0)
FNDA:0,(anonymous_1)
FNDA:0,(anonymous_2)
DA:5,2
DA:7,2
DA:25,2
DA:26,0
DA:31,0
DA:32,0
DA:33,0
DA:36,0
DA:37,0
DA:38,0
DA:39,0
DA:42,0
DA:48,0
DA:51,0
DA:71,0
DA:72,0
DA:78,0
DA:80,0
DA:81,0
DA:83,0
DA:85,0
DA:86,0
LF:22
LH:3
BRDA:31,0,0,0
BRDA:31,0,1,0
BRDA:31,1,0,0
BRDA:31,1,1,0
BRDA:37,2,0,0
BRDA:37,2,1,0
BRDA:51,3,0,0
BRDA:51,3,1,0
BRDA:78,4,0,0
BRDA:78,4,1,0
BRF:10
BRH:0
end_of_record
TN:
SF:src/routes/vision.ts
FN:20,assignEmoji
FN:25,callClaude
FN:45,(anonymous_2)
FN:73,parseAndStripImage
FN:89,(anonymous_4)
FN:94,(anonymous_5)
FN:112,(anonymous_6)
FN:120,(anonymous_7)
FN:125,(anonymous_8)
FN:149,(anonymous_9)
FN:158,(anonymous_10)
FN:163,(anonymous_11)
FNF:12
FNH:0
FNDA:0,assignEmoji
FNDA:0,callClaude
FNDA:0,(anonymous_2)
FNDA:0,parseAndStripImage
FNDA:0,(anonymous_4)
FNDA:0,(anonymous_5)
FNDA:0,(anonymous_6)
FNDA:0,(anonymous_7)
FNDA:0,(anonymous_8)
FNDA:0,(anonymous_9)
FNDA:0,(anonymous_10)
FNDA:0,(anonymous_11)
DA:12,2
DA:14,2
DA:21,0
DA:30,0
DA:45,0
DA:46,0
DA:49,0
DA:50,0
DA:53,0
DA:54,0
DA:56,0
DA:60,0
DA:61,0
DA:62,0
DA:74,0
DA:79,0
DA:80,0
DA:81,0
DA:82,0
DA:85,0
DA:89,2
DA:90,0
DA:91,0
DA:92,0
DA:94,0
DA:96,0
DA:99,0
DA:101,0
DA:110,0
DA:111,0
DA:112,0
DA:114,0
DA:115,0
DA:120,2
DA:121,0
DA:122,0
DA:123,0
DA:125,0
DA:127,0
DA:130,0
DA:132,0
DA:147,0
DA:148,0
DA:149,0
DA:151,0
DA:152,0
DA:158,2
DA:159,0
DA:160,0
DA:161,0
DA:163,0
DA:165,0
DA:167,0
LF:53
LH:5
BRDA:21,0,0,0
BRDA:21,0,1,0
BRDA:28,1,0,0
BRDA:46,2,0,0
BRDA:46,2,1,0
BRDA:46,3,0,0
BRDA:46,3,1,0
BRDA:50,4,0,0
BRDA:50,4,1,0
BRDA:61,5,0,0
BRDA:61,5,1,0
BRDA:80,6,0,0
BRDA:80,6,1,0
BRDA:80,7,0,0
BRDA:80,7,1,0
BRDA:81,8,0,0
BRDA:81,8,1,0
BRDA:91,9,0,0
BRDA:91,9,1,0
BRDA:122,10,0,0
BRDA:122,10,1,0
BRDA:160,11,0,0
BRDA:160,11,1,0
BRF:23
BRH:0
end_of_record
